This is XeTeX, Version 3.141592653-2.6-0.999993 (TeX Live 2021/W32TeX) (preloaded format=xelatex 2021.7.2)  22 AUG 2024 20:13
entering extended mode
 \write18 enabled.
 %&-line parsing enabled.
**C:/Users/asus/Desktop/R/zhoulvbang/zhoulvbang.github.io/preamble.tex
(c:/Users/asus/Desktop/R/zhoulvbang/zhoulvbang.github.io/preamble.tex
LaTeX2e <2021-06-01> patch level 1
L3 programming layer <2021-06-18>

! LaTeX Error: File `tufte.cls' not found.

Type X to quit or <RETURN> to proceed,
or enter new name. (Default extension: cls)

Enter file name: 
! Emergency stop.
<read *> 
         
l.2 \usepackage
               {booktabs}^^M 
Here is how much of TeX's memory you used:
 24 strings out of 477544
 600 string characters out of 5844155
 297903 words of memory out of 5000000
 20518 multiletter control sequences out of 15000+600000
 403430 words of font info for 27 fonts, out of 8000000 for 9000
 704 hyphenation exceptions out of 8191
 19i,0n,29p,124b,17s stack positions out of 5000i,500n,10000p,200000b,80000s

No pages of output.
